<?xml version="1.0" encoding="UTF-8"?>
<!-- Generated by org.testng.reporters.JUnitXMLReporter -->
<testsuite hostname="LAPTOP-IAQHS7UT" ignored="2" name="ChromeTest" tests="2" failures="0" timestamp="08 Jul 2023 07:34:15 GMT" time="25.721" errors="0">
  <testcase name="verifyHomePageAndSearchProduct" time="1.608" classname="com.WebstaurantStore.Tests.HomePageTest"/>
  <testcase name="verifySearchAndAddToCart" time="20.257" classname="com.WebstaurantStore.Tests.SearchResultTest"/>
  <testcase name="@BeforeTest init" time="0.0" classname="com.WebstaurantStore.Tests.TestBase">
    <ignored/>
  </testcase> <!-- @BeforeTest init -->
  <testcase name="@BeforeTest init" time="0.0" classname="com.WebstaurantStore.Tests.TestBase">
    <ignored/>
  </testcase> <!-- @BeforeTest init -->
</testsuite> <!-- ChromeTest -->
